<?xml version="1.0" encoding="UTF-8"?>
<coverage generated="1601037263856" clover="3.2.0">
  <project timestamp="1601037263856" name="All files">
    <metrics statements="13" coveredstatements="12" conditionals="1" coveredconditionals="0" methods="8" coveredmethods="7" elements="22" coveredelements="19" complexity="0" loc="13" ncloc="13" packages="5" files="5" classes="5">
      <package name="activity-indicator">
        <metrics statements="0" coveredstatements="0" conditionals="0" coveredconditionals="0" methods="0" coveredmethods="0"/>
        <file name="index.js" path="/Users/zakj/Documents/GitHub/zarm-vue-next/src/activity-indicator/index.js">
          <metrics statements="0" coveredstatements="0" conditionals="0" coveredconditionals="0" methods="0" coveredmethods="0"/>
        </file>
      </package>
      <package name="activity-indicator.src">
        <metrics statements="7" coveredstatements="7" conditionals="0" coveredconditionals="0" methods="4" coveredmethods="4"/>
        <file name="activityIndicator.vue" path="/Users/zakj/Documents/GitHub/zarm-vue-next/src/activity-indicator/src/activityIndicator.vue">
          <metrics statements="7" coveredstatements="7" conditionals="0" coveredconditionals="0" methods="4" coveredmethods="4"/>
          <line num="2" count="1" type="stmt"/>
          <line num="4" count="1" type="stmt"/>
          <line num="28" count="1" type="stmt"/>
          <line num="34" count="1" type="stmt"/>
          <line num="37" count="1" type="stmt"/>
          <line num="40" count="1" type="stmt"/>
          <line num="41" count="1" type="stmt"/>
        </file>
      </package>
      <package name="button">
        <metrics statements="0" coveredstatements="0" conditionals="0" coveredconditionals="0" methods="0" coveredmethods="0"/>
        <file name="index.js" path="/Users/zakj/Documents/GitHub/zarm-vue-next/src/button/index.js">
          <metrics statements="0" coveredstatements="0" conditionals="0" coveredconditionals="0" methods="0" coveredmethods="0"/>
        </file>
      </package>
      <package name="button.src">
        <metrics statements="2" coveredstatements="2" conditionals="0" coveredconditionals="0" methods="0" coveredmethods="0"/>
        <file name="button.vue" path="/Users/zakj/Documents/GitHub/zarm-vue-next/src/button/src/button.vue">
          <metrics statements="2" coveredstatements="2" conditionals="0" coveredconditionals="0" methods="0" coveredmethods="0"/>
          <line num="2" count="1" type="stmt"/>
          <line num="3" count="1" type="stmt"/>
        </file>
      </package>
      <package name="utils">
        <metrics statements="4" coveredstatements="3" conditionals="1" coveredconditionals="0" methods="4" coveredmethods="3"/>
        <file name="validator.js" path="/Users/zakj/Documents/GitHub/zarm-vue-next/src/utils/validator.js">
          <metrics statements="4" coveredstatements="3" conditionals="1" coveredconditionals="0" methods="4" coveredmethods="3"/>
          <line num="2" count="3" type="stmt"/>
          <line num="3" count="10" type="stmt"/>
          <line num="8" count="0" type="stmt"/>
          <line num="12" count="9" type="stmt"/>
        </file>
      </package>
    </metrics>
  </project>
</coverage>
