{"/Users/zakj/Documents/GitHub/zarm-vue-next/src/activity-indicator/index.js": {"path":"/Users/zakj/Documents/GitHub/zarm-vue-next/src/activity-indicator/index.js","statementMap":{},"fnMap":{},"branchMap":{},"s":{},"f":{},"b":{},"_coverageSchema":"332fd63041d2c1bcb487cc26dd0d5f7d97098a6c","hash":"9f416b0b98b9a018fa2e64e875bb37e53adbb70b"}
,"/Users/zakj/Documents/GitHub/zarm-vue-next/src/activity-indicator/src/activityIndicator.vue": {"path":"/Users/zakj/Documents/GitHub/zarm-vue-next/src/activity-indicator/src/activityIndicator.vue","statementMap":{"0":{"start":{"line":2,"column":0},"end":{"line":null,"column":-1}},"1":{"start":{"line":4,"column":0},"end":{"line":null,"column":-1}},"2":{"start":{"line":28,"column":0},"end":{"line":null,"column":-1}},"3":{"start":{"line":34,"column":0},"end":{"line":null,"column":-1}},"4":{"start":{"line":37,"column":0},"end":{"line":null,"column":-1}},"5":{"start":{"line":40,"column":0},"end":{"line":null,"column":-1}},"6":{"start":{"line":41,"column":0},"end":{"line":null,"column":-1}}},"fnMap":{"0":{"name":"data","decl":{"start":{"line":27,"column":0},"end":{"line":null,"column":-1}},"loc":{"start":{"line":27,"column":0},"end":{"line":31,"column":0}}},"1":{"name":"half","decl":{"start":{"line":33,"column":0},"end":{"line":null,"column":-1}},"loc":{"start":{"line":33,"column":0},"end":{"line":35,"column":0}}},"2":{"name":"r","decl":{"start":{"line":36,"column":0},"end":{"line":null,"column":-1}},"loc":{"start":{"line":36,"column":0},"end":{"line":38,"column":0}}},"3":{"name":"style","decl":{"start":{"line":39,"column":0},"end":{"line":null,"column":-1}},"loc":{"start":{"line":39,"column":0},"end":{"line":45,"column":0}}}},"branchMap":{},"s":{"0":1,"1":1,"2":1,"3":1,"4":1,"5":1,"6":1},"f":{"0":1,"1":1,"2":1,"3":1},"b":{}}
,"/Users/zakj/Documents/GitHub/zarm-vue-next/src/button/index.js": {"path":"/Users/zakj/Documents/GitHub/zarm-vue-next/src/button/index.js","statementMap":{},"fnMap":{},"branchMap":{},"s":{},"f":{},"b":{},"_coverageSchema":"332fd63041d2c1bcb487cc26dd0d5f7d97098a6c","hash":"942a00505e770c28b4aebe1e306294b40d7286d8"}
,"/Users/zakj/Documents/GitHub/zarm-vue-next/src/button/src/button.vue": {"path":"/Users/zakj/Documents/GitHub/zarm-vue-next/src/button/src/button.vue","statementMap":{"0":{"start":{"line":2,"column":0},"end":{"line":null,"column":-1}},"1":{"start":{"line":3,"column":0},"end":{"line":null,"column":-1}}},"fnMap":{},"branchMap":{},"s":{"0":1,"1":1},"f":{},"b":{}}
,"/Users/zakj/Documents/GitHub/zarm-vue-next/src/utils/validator.js": {"path":"/Users/zakj/Documents/GitHub/zarm-vue-next/src/utils/validator.js","statementMap":{"0":{"start":{"line":2,"column":2},"end":{"line":4,"column":4}},"1":{"start":{"line":3,"column":4},"end":{"line":3,"column":35}},"2":{"start":{"line":8,"column":2},"end":{"line":8,"column":66}},"3":{"start":{"line":12,"column":2},"end":{"line":12,"column":97}}},"fnMap":{"0":{"name":"enumGenerator","decl":{"start":{"line":1,"column":16},"end":{"line":1,"column":29}},"loc":{"start":{"line":1,"column":44},"end":{"line":5,"column":1}},"line":1},"1":{"name":"(anonymous_1)","decl":{"start":{"line":2,"column":9},"end":{"line":2,"column":10}},"loc":{"start":{"line":2,"column":22},"end":{"line":4,"column":3}},"line":2},"2":{"name":"isArray","decl":{"start":{"line":7,"column":16},"end":{"line":7,"column":23}},"loc":{"start":{"line":7,"column":29},"end":{"line":9,"column":1}},"line":7},"3":{"name":"defaultThemeValidator","decl":{"start":{"line":11,"column":16},"end":{"line":11,"column":37}},"loc":{"start":{"line":11,"column":41},"end":{"line":13,"column":1}},"line":11}},"branchMap":{"0":{"loc":{"start":{"line":1,"column":30},"end":{"line":1,"column":42}},"type":"default-arg","locations":[{"start":{"line":1,"column":40},"end":{"line":1,"column":42}}],"line":1}},"s":{"0":3,"1":10,"2":0,"3":9},"f":{"0":3,"1":10,"2":0,"3":9},"b":{"0":[0]},"_coverageSchema":"332fd63041d2c1bcb487cc26dd0d5f7d97098a6c","hash":"945cf7a59d41512bcba5afa327b229ae0b068610"}
}
