TN:
SF:/Users/zakj/Documents/GitHub/zarm-vue-next/src/activity-indicator/index.js
FNF:0
FNH:0
LF:0
LH:0
BRF:0
BRH:0
end_of_record
TN:
SF:/Users/zakj/Documents/GitHub/zarm-vue-next/src/activity-indicator/src/activityIndicator.vue
FN:27,data
FN:33,half
FN:36,r
FN:39,style
FNF:4
FNH:4
FNDA:1,data
FNDA:1,half
FNDA:1,r
FNDA:1,style
DA:2,1
DA:4,1
DA:28,1
DA:34,1
DA:37,1
DA:40,1
DA:41,1
LF:7
LH:7
BRF:0
BRH:0
end_of_record
TN:
SF:/Users/zakj/Documents/GitHub/zarm-vue-next/src/button/index.js
FNF:0
FNH:0
LF:0
LH:0
BRF:0
BRH:0
end_of_record
TN:
SF:/Users/zakj/Documents/GitHub/zarm-vue-next/src/button/src/button.vue
FNF:0
FNH:0
DA:2,1
DA:3,1
LF:2
LH:2
BRF:0
BRH:0
end_of_record
TN:
SF:/Users/zakj/Documents/GitHub/zarm-vue-next/src/utils/validator.js
FN:1,enumGenerator
FN:2,(anonymous_1)
FN:7,isArray
FN:11,defaultThemeValidator
FNF:4
FNH:3
FNDA:3,enumGenerator
FNDA:10,(anonymous_1)
FNDA:0,isArray
FNDA:9,defaultThemeValidator
DA:2,3
DA:3,10
DA:8,0
DA:12,9
LF:4
LH:3
BRDA:1,0,0,0
BRF:1
BRH:0
end_of_record
